mode: count
github.com/skantay/snippetbox/cmd/web/handlers.go:14.70,16.16 2 0
github.com/skantay/snippetbox/cmd/web/handlers.go:16.16,20.3 2 0
github.com/skantay/snippetbox/cmd/web/handlers.go:22.2,25.49 3 0
github.com/skantay/snippetbox/cmd/web/handlers.go:28.77,32.26 3 5
github.com/skantay/snippetbox/cmd/web/handlers.go:32.26,36.3 2 3
github.com/skantay/snippetbox/cmd/web/handlers.go:38.2,39.16 2 2
github.com/skantay/snippetbox/cmd/web/handlers.go:39.16,40.41 1 1
github.com/skantay/snippetbox/cmd/web/handlers.go:40.41,42.4 1 1
github.com/skantay/snippetbox/cmd/web/handlers.go:42.9,44.4 1 0
github.com/skantay/snippetbox/cmd/web/handlers.go:46.3,46.9 1 1
github.com/skantay/snippetbox/cmd/web/handlers.go:49.2,52.49 3 1
github.com/skantay/snippetbox/cmd/web/handlers.go:55.79,63.2 3 0
github.com/skantay/snippetbox/cmd/web/handlers.go:72.83,75.53 2 0
github.com/skantay/snippetbox/cmd/web/handlers.go:75.53,79.3 2 0
github.com/skantay/snippetbox/cmd/web/handlers.go:81.2,86.19 5 0
github.com/skantay/snippetbox/cmd/web/handlers.go:86.19,92.3 4 0
github.com/skantay/snippetbox/cmd/web/handlers.go:94.2,95.16 2 0
github.com/skantay/snippetbox/cmd/web/handlers.go:95.16,99.3 2 0
github.com/skantay/snippetbox/cmd/web/handlers.go:101.2,103.79 2 0
github.com/skantay/snippetbox/cmd/web/handlers.go:113.76,117.2 3 1
github.com/skantay/snippetbox/cmd/web/handlers.go:119.80,123.53 3 5
github.com/skantay/snippetbox/cmd/web/handlers.go:123.53,127.3 2 0
github.com/skantay/snippetbox/cmd/web/handlers.go:129.2,135.19 6 5
github.com/skantay/snippetbox/cmd/web/handlers.go:135.19,140.3 3 3
github.com/skantay/snippetbox/cmd/web/handlers.go:142.2,142.79 1 2
github.com/skantay/snippetbox/cmd/web/handlers.go:142.79,143.47 1 1
github.com/skantay/snippetbox/cmd/web/handlers.go:143.47,150.4 4 1
github.com/skantay/snippetbox/cmd/web/handlers.go:152.3,154.9 2 0
github.com/skantay/snippetbox/cmd/web/handlers.go:157.2,159.57 2 1
github.com/skantay/snippetbox/cmd/web/handlers.go:168.75,174.2 3 0
github.com/skantay/snippetbox/cmd/web/handlers.go:176.79,181.53 3 0
github.com/skantay/snippetbox/cmd/web/handlers.go:181.53,185.3 2 0
github.com/skantay/snippetbox/cmd/web/handlers.go:187.2,191.19 4 0
github.com/skantay/snippetbox/cmd/web/handlers.go:191.19,196.3 3 0
github.com/skantay/snippetbox/cmd/web/handlers.go:198.2,199.16 2 0
github.com/skantay/snippetbox/cmd/web/handlers.go:199.16,200.51 1 0
github.com/skantay/snippetbox/cmd/web/handlers.go:200.51,206.4 4 0
github.com/skantay/snippetbox/cmd/web/handlers.go:208.3,210.9 2 0
github.com/skantay/snippetbox/cmd/web/handlers.go:213.2,213.67 1 0
github.com/skantay/snippetbox/cmd/web/handlers.go:213.67,217.3 2 0
github.com/skantay/snippetbox/cmd/web/handlers.go:219.2,221.47 2 0
github.com/skantay/snippetbox/cmd/web/handlers.go:224.80,225.67 1 0
github.com/skantay/snippetbox/cmd/web/handlers.go:225.67,229.3 2 0
github.com/skantay/snippetbox/cmd/web/handlers.go:231.2,235.47 3 0
github.com/skantay/snippetbox/cmd/web/handlers.go:238.51,240.2 1 1
github.com/skantay/snippetbox/cmd/web/helpers.go:15.100,17.9 2 6
github.com/skantay/snippetbox/cmd/web/helpers.go:17.9,22.3 3 0
github.com/skantay/snippetbox/cmd/web/helpers.go:24.2,27.16 3 6
github.com/skantay/snippetbox/cmd/web/helpers.go:27.16,29.3 1 0
github.com/skantay/snippetbox/cmd/web/helpers.go:31.2,33.16 2 6
github.com/skantay/snippetbox/cmd/web/helpers.go:36.80,37.38 1 5
github.com/skantay/snippetbox/cmd/web/helpers.go:37.38,39.3 1 0
github.com/skantay/snippetbox/cmd/web/helpers.go:41.2,41.64 1 5
github.com/skantay/snippetbox/cmd/web/helpers.go:41.64,44.43 2 0
github.com/skantay/snippetbox/cmd/web/helpers.go:44.43,45.14 1 0
github.com/skantay/snippetbox/cmd/web/helpers.go:48.3,48.13 1 0
github.com/skantay/snippetbox/cmd/web/helpers.go:51.2,51.12 1 5
github.com/skantay/snippetbox/cmd/web/helpers.go:54.72,61.2 1 7
github.com/skantay/snippetbox/cmd/web/helpers.go:63.71,68.2 3 0
github.com/skantay/snippetbox/cmd/web/helpers.go:70.63,72.9 2 7
github.com/skantay/snippetbox/cmd/web/helpers.go:72.9,74.3 1 7
github.com/skantay/snippetbox/cmd/web/helpers.go:76.2,76.15 1 0
github.com/skantay/snippetbox/cmd/web/helpers.go:79.72,81.2 1 5
github.com/skantay/snippetbox/cmd/web/helpers.go:83.57,85.2 1 5
github.com/skantay/snippetbox/cmd/web/main.go:30.13,40.16 7 0
github.com/skantay/snippetbox/cmd/web/main.go:40.16,42.3 1 0
github.com/skantay/snippetbox/cmd/web/main.go:44.2,47.16 3 0
github.com/skantay/snippetbox/cmd/web/main.go:47.16,49.3 1 0
github.com/skantay/snippetbox/cmd/web/main.go:51.2,86.21 11 0
github.com/skantay/snippetbox/cmd/web/main.go:89.42,91.16 2 0
github.com/skantay/snippetbox/cmd/web/main.go:91.16,93.3 1 0
github.com/skantay/snippetbox/cmd/web/main.go:95.2,95.33 1 0
github.com/skantay/snippetbox/cmd/web/main.go:95.33,97.3 1 0
github.com/skantay/snippetbox/cmd/web/main.go:99.2,99.16 1 0
github.com/skantay/snippetbox/cmd/web/middleware.go:11.52,12.71 1 4
github.com/skantay/snippetbox/cmd/web/middleware.go:12.71,21.3 6 15
github.com/skantay/snippetbox/cmd/web/middleware.go:24.70,25.71 1 27
github.com/skantay/snippetbox/cmd/web/middleware.go:25.71,27.14 2 11
github.com/skantay/snippetbox/cmd/web/middleware.go:27.14,30.4 2 11
github.com/skantay/snippetbox/cmd/web/middleware.go:31.3,32.17 2 0
github.com/skantay/snippetbox/cmd/web/middleware.go:32.17,35.4 2 0
github.com/skantay/snippetbox/cmd/web/middleware.go:37.3,37.13 1 0
github.com/skantay/snippetbox/cmd/web/middleware.go:37.13,40.4 2 0
github.com/skantay/snippetbox/cmd/web/middleware.go:42.3,42.23 1 0
github.com/skantay/snippetbox/cmd/web/middleware.go:46.79,47.71 1 9
github.com/skantay/snippetbox/cmd/web/middleware.go:47.71,48.30 1 0
github.com/skantay/snippetbox/cmd/web/middleware.go:48.30,51.4 2 0
github.com/skantay/snippetbox/cmd/web/middleware.go:53.3,55.23 2 0
github.com/skantay/snippetbox/cmd/web/middleware.go:59.45,68.2 3 27
github.com/skantay/snippetbox/cmd/web/middleware.go:70.68,71.71 1 3
github.com/skantay/snippetbox/cmd/web/middleware.go:71.71,74.3 2 14
github.com/skantay/snippetbox/cmd/web/middleware.go:77.70,78.71 1 3
github.com/skantay/snippetbox/cmd/web/middleware.go:78.71,79.16 1 14
github.com/skantay/snippetbox/cmd/web/middleware.go:79.16,80.36 1 14
github.com/skantay/snippetbox/cmd/web/middleware.go:80.36,83.5 2 0
github.com/skantay/snippetbox/cmd/web/middleware.go:85.3,85.23 1 14
github.com/skantay/snippetbox/cmd/web/routes.go:10.47,13.82 2 3
github.com/skantay/snippetbox/cmd/web/routes.go:13.82,15.3 1 1
github.com/skantay/snippetbox/cmd/web/routes.go:17.2,41.30 16 3
github.com/skantay/snippetbox/cmd/web/templates.go:22.64,26.16 3 3
github.com/skantay/snippetbox/cmd/web/templates.go:26.16,28.3 1 0
github.com/skantay/snippetbox/cmd/web/templates.go:30.2,30.33 1 3
github.com/skantay/snippetbox/cmd/web/templates.go:30.33,32.39 2 27
github.com/skantay/snippetbox/cmd/web/templates.go:32.39,33.9 1 3
github.com/skantay/snippetbox/cmd/web/templates.go:37.2,38.16 2 3
github.com/skantay/snippetbox/cmd/web/templates.go:38.16,40.3 1 0
github.com/skantay/snippetbox/cmd/web/templates.go:42.2,42.29 1 3
github.com/skantay/snippetbox/cmd/web/templates.go:42.29,46.17 3 15
github.com/skantay/snippetbox/cmd/web/templates.go:46.17,48.4 1 0
github.com/skantay/snippetbox/cmd/web/templates.go:50.3,51.17 2 15
github.com/skantay/snippetbox/cmd/web/templates.go:51.17,53.4 1 0
github.com/skantay/snippetbox/cmd/web/templates.go:55.3,56.17 2 15
github.com/skantay/snippetbox/cmd/web/templates.go:56.17,58.4 1 0
github.com/skantay/snippetbox/cmd/web/templates.go:60.3,60.19 1 15
github.com/skantay/snippetbox/cmd/web/templates.go:63.2,63.19 1 3
github.com/skantay/snippetbox/cmd/web/templates.go:66.36,67.16 1 5
github.com/skantay/snippetbox/cmd/web/templates.go:67.16,69.3 1 1
github.com/skantay/snippetbox/cmd/web/templates.go:70.2,70.47 1 4
github.com/skantay/snippetbox/internal/models/snippets.go:27.87,32.16 3 0
github.com/skantay/snippetbox/internal/models/snippets.go:32.16,34.3 1 0
github.com/skantay/snippetbox/internal/models/snippets.go:36.2,37.16 2 0
github.com/skantay/snippetbox/internal/models/snippets.go:37.16,39.3 1 0
github.com/skantay/snippetbox/internal/models/snippets.go:41.2,41.21 1 0
github.com/skantay/snippetbox/internal/models/snippets.go:44.54,52.86 4 0
github.com/skantay/snippetbox/internal/models/snippets.go:52.86,54.36 1 0
github.com/skantay/snippetbox/internal/models/snippets.go:54.36,56.4 1 0
github.com/skantay/snippetbox/internal/models/snippets.go:58.3,58.18 1 0
github.com/skantay/snippetbox/internal/models/snippets.go:61.2,61.15 1 0
github.com/skantay/snippetbox/internal/models/snippets.go:64.53,71.16 4 0
github.com/skantay/snippetbox/internal/models/snippets.go:71.16,73.3 1 0
github.com/skantay/snippetbox/internal/models/snippets.go:75.2,77.18 2 0
github.com/skantay/snippetbox/internal/models/snippets.go:77.18,80.88 2 0
github.com/skantay/snippetbox/internal/models/snippets.go:80.88,82.37 1 0
github.com/skantay/snippetbox/internal/models/snippets.go:82.37,84.5 1 0
github.com/skantay/snippetbox/internal/models/snippets.go:86.4,86.19 1 0
github.com/skantay/snippetbox/internal/models/snippets.go:89.3,89.45 1 0
github.com/skantay/snippetbox/internal/models/snippets.go:92.2,92.34 1 0
github.com/skantay/snippetbox/internal/models/snippets.go:92.34,94.3 1 0
github.com/skantay/snippetbox/internal/models/snippets.go:96.2,96.28 1 0
github.com/skantay/snippetbox/internal/models/users.go:31.64,33.16 2 0
github.com/skantay/snippetbox/internal/models/users.go:33.16,35.3 1 0
github.com/skantay/snippetbox/internal/models/users.go:37.2,41.16 3 0
github.com/skantay/snippetbox/internal/models/users.go:41.16,44.34 2 0
github.com/skantay/snippetbox/internal/models/users.go:44.34,45.91 1 0
github.com/skantay/snippetbox/internal/models/users.go:45.91,47.5 1 0
github.com/skantay/snippetbox/internal/models/users.go:50.3,50.13 1 0
github.com/skantay/snippetbox/internal/models/users.go:53.2,53.12 1 0
github.com/skantay/snippetbox/internal/models/users.go:56.71,64.78 4 0
github.com/skantay/snippetbox/internal/models/users.go:64.78,65.36 1 0
github.com/skantay/snippetbox/internal/models/users.go:65.36,67.4 1 0
github.com/skantay/snippetbox/internal/models/users.go:69.3,69.16 1 0
github.com/skantay/snippetbox/internal/models/users.go:72.2,72.88 1 0
github.com/skantay/snippetbox/internal/models/users.go:72.88,73.58 1 0
github.com/skantay/snippetbox/internal/models/users.go:73.58,75.4 1 0
github.com/skantay/snippetbox/internal/models/users.go:77.3,77.16 1 0
github.com/skantay/snippetbox/internal/models/users.go:80.2,80.16 1 0
github.com/skantay/snippetbox/internal/models/users.go:83.50,91.2 4 2
